<?xml version="1.0" encoding="UTF-8"?>
<testsuite xmlns:xsi="http://www.w3.org/2001/XMLSchema-instance" xsi:noNamespaceSchemaLocation="https://maven.apache.org/surefire/maven-surefire-plugin/xsd/surefire-test-report-3.0.xsd" version="3.0" name="br.com.biblioteca.service.LivroServiceTest" time="1.305" tests="6" errors="0" skipped="0" failures="0">
  <properties>
[...]
</properties>
  <testcase name="deveExcluirLivro" classname="br.com.biblioteca.service.LivroServiceTest" time="0.005">
    <system-out><![CDATA[2025-09-05T06:47:57.994-03:00  INFO 6684 --- [           main] t.c.s.AnnotationConfigContextLoaderUtils : Could not detect default configuration classes for test class [br.com.biblioteca.service.LivroServiceTest]: LivroServiceTest does not declare any static, non-private, non-final, nested classes annotated with @Configuration.
2025-09-05T06:47:57.997-03:00  INFO 6684 --- [           main] .b.t.c.SpringBootTestContextBootstrapper : Found @SpringBootConfiguration br.com.biblioteca.LibraryApplication for test class br.com.biblioteca.service.LivroServiceTest

  .   ____          _            __ _ _
 /\\ / ___'_ __ _ _(_)_ __  __ _ \ \ \ \
( ( )\___ | '_ | '_| | '_ \/ _` | \ \ \ \
 \\/  ___)| |_)| | | | | || (_| |  ) ) ) )
  '  |____| .__|_| |_|_| |_\__, | / / / /
 =========|_|==============|___/=/_/_/_/

 :: Spring Boot ::                (v3.3.3)

2025-09-05T06:47:58.065-03:00  INFO 6684 --- [           main] b.c.biblioteca.service.LivroServiceTest  : Starting LivroServiceTest using Java 17.0.9 with PID 6684 (started by Helio in F:\biblioteca\springboot)
2025-09-05T06:47:58.065-03:00  INFO 6684 --- [           main] b.c.biblioteca.service.LivroServiceTest  : The following 1 profile is active: "test"
2025-09-05T06:47:58.275-03:00  INFO 6684 --- [           main] .s.d.r.c.RepositoryConfigurationDelegate : Bootstrapping Spring Data JPA repositories in DEFAULT mode.
2025-09-05T06:47:58.293-03:00  INFO 6684 --- [           main] .s.d.r.c.RepositoryConfigurationDelegate : Finished Spring Data repository scanning in 17 ms. Found 5 JPA repository interfaces.
2025-09-05T06:47:58.398-03:00  INFO 6684 --- [           main] com.zaxxer.hikari.HikariDataSource       : HikariPool-4 - Starting...
2025-09-05T06:47:58.425-03:00  INFO 6684 --- [           main] com.zaxxer.hikari.pool.HikariPool        : HikariPool-4 - Added connection org.postgresql.jdbc.PgConnection@5c561914
2025-09-05T06:47:58.426-03:00  INFO 6684 --- [           main] com.zaxxer.hikari.HikariDataSource       : HikariPool-4 - Start completed.
2025-09-05T06:47:58.429-03:00  INFO 6684 --- [           main] o.f.c.i.database.base.BaseDatabaseType   : Database: jdbc:postgresql://localhost:5432/libraydb (PostgreSQL 15.14)
2025-09-05T06:47:58.448-03:00  INFO 6684 --- [           main] o.f.core.internal.command.DbValidate     : Successfully validated 1 migration (execution time 00:00.008s)
2025-09-05T06:47:58.482-03:00  INFO 6684 --- [           main] o.f.core.internal.command.DbMigrate      : Current version of schema "public": 1
2025-09-05T06:47:58.484-03:00  INFO 6684 --- [           main] o.f.core.internal.command.DbMigrate      : Schema "public" is up to date. No migration necessary.
2025-09-05T06:47:58.517-03:00  INFO 6684 --- [           main] o.hibernate.jpa.internal.util.LogHelper  : HHH000204: Processing PersistenceUnitInfo [name: default]
2025-09-05T06:47:58.521-03:00  INFO 6684 --- [           main] o.h.c.internal.RegionFactoryInitiator    : HHH000026: Second-level cache disabled
2025-09-05T06:47:58.533-03:00  INFO 6684 --- [           main] o.s.o.j.p.SpringPersistenceUnitInfo      : No LoadTimeWeaver setup: ignoring JPA class transformer
2025-09-05T06:47:58.542-03:00  WARN 6684 --- [           main] org.hibernate.orm.deprecation            : HHH90000025: PostgreSQLDialect does not need to be specified explicitly using 'hibernate.dialect' (remove the property setting and it will be selected by default)
2025-09-05T06:47:58.680-03:00  INFO 6684 --- [           main] o.h.e.t.j.p.i.JtaPlatformInitiator       : HHH000489: No JTA platform available (set 'hibernate.transaction.jta.platform' to enable JTA platform integration)
2025-09-05T06:47:58.680-03:00  INFO 6684 --- [           main] j.LocalContainerEntityManagerFactoryBean : Initialized JPA EntityManagerFactory for persistence unit 'default'
2025-09-05T06:47:58.765-03:00  INFO 6684 --- [           main] eAuthenticationProviderManagerConfigurer : Global AuthenticationManager configured with AuthenticationProvider bean with name daoAuthProvider
2025-09-05T06:47:58.765-03:00  WARN 6684 --- [           main] r$InitializeUserDetailsManagerConfigurer : Global AuthenticationManager configured with an AuthenticationProvider bean. UserDetailsService beans will not be used for username/password login. Consider removing the AuthenticationProvider bean. Alternatively, consider using the UserDetailsService in a manually instantiated DaoAuthenticationProvider.
2025-09-05T06:47:58.868-03:00  WARN 6684 --- [           main] JpaBaseConfiguration$JpaWebConfiguration : spring.jpa.open-in-view is enabled by default. Therefore, database queries may be performed during view rendering. Explicitly configure spring.jpa.open-in-view to disable this warning
2025-09-05T06:47:59.158-03:00  INFO 6684 --- [           main] b.c.biblioteca.service.LivroServiceTest  : Started LivroServiceTest in 1.155 seconds (process running for 18.073)
]]></system-out>
  </testcase>
  <testcase name="deveAlterarLivro" classname="br.com.biblioteca.service.LivroServiceTest" time="0.009"/>
  <testcase name="deveInserirLivro" classname="br.com.biblioteca.service.LivroServiceTest" time="0.005"/>
  <testcase name="deveListarTodos" classname="br.com.biblioteca.service.LivroServiceTest" time="0.006"/>
  <testcase name="deveLancarExcecaoQuandoLivroNaoExistir" classname="br.com.biblioteca.service.LivroServiceTest" time="0.004"/>
  <testcase name="deveBuscarPorIdQuandoExistir" classname="br.com.biblioteca.service.LivroServiceTest" time="0.003"/>
</testsuite>