<?xml version="1.0" encoding="UTF-8"?>
<testsuite xmlns:xsi="http://www.w3.org/2001/XMLSchema-instance" xsi:noNamespaceSchemaLocation="https://maven.apache.org/surefire/maven-surefire-plugin/xsd/surefire-test-report-3.0.xsd" version="3.0" name="br.com.biblioteca.config.DataInitTest" time="0.314" tests="2" errors="0" skipped="0" failures="0">
  <properties>
[...]
</properties>
  <testcase name="deveCriarUsuariosEPapeisQuandoNaoExistirem" classname="br.com.biblioteca.config.DataInitTest" time="0.307"/>
  <testcase name="naoDeveCriarUsuariosQuandoJaExistirem" classname="br.com.biblioteca.config.DataInitTest" time="0.002"/>
</testsuite>